<?xml version="1.0" encoding="UTF-8"?>
<testng-results total="1" passed="1" failed="0" skipped="0">
  <reporter-output>
  </reporter-output>
  <suite started-at="2022-06-01T09:29:54Z" name="Default suite" finished-at="2022-06-01T09:30:14Z" duration-ms="20254">
    <groups>
    </groups>
    <test started-at="2022-06-01T09:29:54Z" name="Default test" finished-at="2022-06-01T09:30:14Z" duration-ms="20254">
      <class name="GaadiBazaar.SearchByBudget">
        <test-method signature="searchGaadiBybudget()" started-at="2022-06-01T09:29:54Z" name="searchGaadiBybudget" finished-at="2022-06-01T09:30:14Z" duration-ms="20231" status="PASS">
        </test-method>
      </class>
    </test>
  </suite>
</testng-results>
