<?xml version="1.0" encoding="UTF-8"?>
<testng-results ignored="0" total="1" passed="1" failed="0" skipped="0">
  <reporter-output>
  </reporter-output>
  <suite started-at="2022-05-29T00:03:58 IST" name="Default suite" finished-at="2022-05-29T00:04:12 IST" duration-ms="13415">
    <groups>
    </groups>
    <test started-at="2022-05-29T00:03:58 IST" name="Default test" finished-at="2022-05-29T00:04:12 IST" duration-ms="13415">
      <class name="POM.OHRMTest">
        <test-method is-config="true" signature="setup()[pri:0, instance:POM.OHRMTest@6fdbe764]" started-at="2022-05-29T00:03:58 IST" name="setup" finished-at="2022-05-29T00:04:07 IST" duration-ms="8224" status="PASS">
          <reporter-output>
          </reporter-output>
        </test-method> <!-- setup -->
        <test-method signature="testHomePageAppearCorrect()[pri:0, instance:POM.OHRMTest@6fdbe764]" started-at="2022-05-29T00:04:07 IST" name="testHomePageAppearCorrect" finished-at="2022-05-29T00:04:12 IST" duration-ms="5111" status="PASS">
          <reporter-output>
          </reporter-output>
        </test-method> <!-- testHomePageAppearCorrect -->
      </class> <!-- POM.OHRMTest -->
    </test> <!-- Default test -->
  </suite> <!-- Default suite -->
</testng-results>
